<?xml version="1.0" encoding="UTF-8"?>
<testsuite xmlns:xsi="http://www.w3.org/2001/XMLSchema-instance" xsi:noNamespaceSchemaLocation="https://maven.apache.org/surefire/maven-surefire-plugin/xsd/surefire-test-report.xsd" name="TestSuite" time="1.749" tests="3" errors="0" skipped="3" failures="0">
  <properties>
[...]
</properties>
  <testcase name="setup" classname="com.qa.tests.Testngstart" time="0">
    <skipped message="&#10;Parameter &apos;url&apos; is required by @Test on method setup but has not been marked @Optional or defined&#10;in /Users/urvashimehta/eclipse-workspace/TestNGSessions/src/main/resources/testng.xml"/>
  </testcase>
  <testcase name="chkLoginIcon" classname="com.qa.tests.Testngstart" time="0">
    <skipped/>
  </testcase>
  <testcase name="chkLoginIcon" classname="com.qa.tests.DataProviderTest" time="0">
    <skipped message="java.lang.NullPointerException: Cannot invoke &quot;String.equalsIgnoreCase(String)&quot; because &quot;name&quot; is null"/>
  </testcase>
</testsuite>