<?xml version="1.0" encoding="UTF-8"?>
<!-- Generated by org.testng.reporters.JUnitXMLReporter -->
<testsuite hostname="Nupurs-MacBook-Air-2.local" failures="0" tests="3" name="Testng Test" time="1.003" errors="0" timestamp="3 Mar 2021 06:22:16 GMT">
  <testcase classname="com.qa.tests.Testngstart" name="setup" time="0.006">
    <skipped/>
  </testcase> <!-- setup -->
  <testcase classname="com.qa.tests.Testngstart" name="chkLoginIcon" time="0.001">
    <skipped/>
  </testcase> <!-- chkLoginIcon -->
  <testcase classname="com.qa.tests.DataProviderTest" name="chkLoginIcon" time="0.985">
    <skipped/>
  </testcase> <!-- chkLoginIcon -->
</testsuite> <!-- Testng Test -->
