<?xml version="1.0" encoding="UTF-8"?>
<!-- Generated by org.testng.reporters.JUnitXMLReporter -->
<testsuite ignored="0" hostname="Nupurs-MacBook-Air-2.local" failures="0" tests="10" name="Testng Test" time="123.909" errors="0" timestamp="2021-03-25T16:08:03 PDT">
  <testcase classname="com.qa.tests.Testngstart" name="chkLogin" time="3.578"/>
  <testcase classname="com.qa.tests.DataProviderTest" name="chkLoginIcon" time="0.373"/>
  <testcase classname="com.qa.tests.DataProviderTest" name="chkLoginIcon" time="0.377"/>
  <testcase classname="com.qa.tests.DataProviderTest" name="chkLoginIcon" time="0.69"/>
  <testcase classname="com.qa.tests.DataProviderTest" name="chkLoginIcon" time="0.94"/>
  <testcase classname="com.qa.tests.DataProviderTest" name="chkLoginIcon" time="0.488"/>
  <testcase classname="com.qa.tests.DataProviderTest" name="chkLoginIcon" time="0.323"/>
  <testcase classname="com.qa.tests.DataProviderTest" name="chkLoginIcon" time="0.423"/>
  <testcase classname="com.qa.tests.DataProviderTest" name="chkLoginIcon" time="0.403"/>
  <testcase classname="com.qa.tests.DataProviderTest" name="chkLoginIcon" time="0.051"/>
</testsuite> <!-- Testng Test -->
